********************************************************************************
DUPLICATOR-LITE PACKAGE-LOG: January 7, 2019 10:52 am
NOTICE: Do NOT post to public sites or forums 
********************************************************************************
VERSION:	1.3.2
WORDPRESS:	4.8.8
PHP INFO:	5.6.31 | SAPI: apache2handler
SERVER:		Apache/2.4.26 (Win32) OpenSSL/1.0.2l PHP/5.6.31 
PHP TIME LIMIT: (0) no time limit imposed 
PHP MAX MEMORY: 2048M (128M default) 
MEMORY STACK: 16.75MB 

********************************************************************************
DATABASE:
********************************************************************************
BUILD MODE:   MYSQLDUMP
MYSQLTIMEOUT: 5000
MYSQLDUMP:    Is Supported 
SQL CREATED: 20190107_webajrastudio_3d4e6ac834a28ad02914_20190107105225_database.sql 
SQL FILE SIZE: 602.72KB (617190) 
SQL FILE TIME: 2019-01-07 10:52:38 
SQL RUNTIME: 3.86 sec. 

******************************************************************************** 
ARCHIVE (ZIP): 
******************************************************************************** 
ARCHIVE DIR:  E:/xampp/htdocs/freetemplate 
ARCHIVE FILE: 20190107_webajrastudio_3d4e6ac834a28ad02914_20190107105225_archive.zip 
FILTERS: *OFF* 
DIRS:
	not set 
FILES:
	not set 
EXTS:  not set 
---------------------------------------- 
COMPRESSING 
SIZE:	29.68MB 
STATS:	Dirs 195 | Files 1,787 
SQL ADDED: 20190107_webajrastudio_3d4e6ac834a28ad02914_20190107105225_database.sql 
ZipArchive Object
(
    [status] => 0
    [statusSys] => 0
    [numFiles] => 1982
    [filename] => E:\xampp\htdocs\freetemplate\wp-snapshots\tmp\20190107_webajrastudio_3d4e6ac834a28ad02914_20190107105225_archive.zip
    [comment] => 
)
 
COMPRESSION RESULT: '1' 
COMPRESSED SIZE: 12.7MB 
ARCHIVE RUNTIME: 33.61 sec. 
MEMORY STACK: 17.5MB 
building installer 
add_extra_files1 
add_extra_files2 
add_extra_files3 
add_extra_files4 
Doing archive file check 
add_extra_files5 
add_extra_files6 
add_extra_files8 
Successfully opened zip E:/xampp/htdocs/freetemplate/wp-snapshots/tmp/20190107_webajrastudio_3d4e6ac834a28ad02914_20190107105225_archive.zip 
Adding enhanced installer files to archive using ZipArchive 
Installer files added to archive 
Added to archive 
After ziparchive close when adding installer 

******************************************************************************** 
INTEGRITY CHECKS: 
******************************************************************************** 
SQL File: 602.72KB 
Installer File: 32.96KB 
Archive File: 13.53MB  

********************************************************************************
RECORD ID:[1]
TOTAL PROCESS RUNTIME: 38.24 sec.
PEAK PHP MEMORY USED: 18.5MB
DONE PROCESSING => 20190107_webajrastudio January 7, 2019 10:53 am
 
